<!DOCTYPE html>
<html>
<head>
<meta http-equiv="Content-Type" content="text/html; charset=utf-8"/>
<meta http-equiv="x-ua-compatible" content="IE=edge"/>
<title>Test results - Class com.phonebook.tests.CreateAccountTests</title>
<link href="../css/base-style.css" rel="stylesheet" type="text/css"/>
<link href="../css/style.css" rel="stylesheet" type="text/css"/>
<script src="../js/report.js" type="text/javascript"></script>
</head>
<body>
<div id="content">
<h1>Class com.phonebook.tests.CreateAccountTests</h1>
<div class="breadcrumbs">
<a href="../index.html">all</a> &gt; 
<a href="../packages/com.phonebook.tests.html">com.phonebook.tests</a> &gt; CreateAccountTests</div>
<div id="summary">
<table>
<tr>
<td>
<div class="summaryGroup">
<table>
<tr>
<td>
<div class="infoBox" id="tests">
<div class="counter">1</div>
<p>tests</p>
</div>
</td>
<td>
<div class="infoBox" id="failures">
<div class="counter">0</div>
<p>failures</p>
</div>
</td>
<td>
<div class="infoBox" id="ignored">
<div class="counter">0</div>
<p>ignored</p>
</div>
</td>
<td>
<div class="infoBox" id="duration">
<div class="counter">1.982s</div>
<p>duration</p>
</div>
</td>
</tr>
</table>
</div>
</td>
<td>
<div class="infoBox success" id="successRate">
<div class="percent">100%</div>
<p>successful</p>
</div>
</td>
</tr>
</table>
</div>
<div id="tabs">
<ul class="tabLinks">
<li>
<a href="#tab0">Tests</a>
</li>
<li>
<a href="#tab1">Standard output</a>
</li>
</ul>
<div id="tab0" class="tab">
<h2>Tests</h2>
<table>
<thead>
<tr>
<th>Test</th>
<th>Duration</th>
<th>Result</th>
</tr>
</thead>
<tr>
<td class="success">createExistedAccountNegativeTest</td>
<td class="success">1.982s</td>
<td class="success">passed</td>
</tr>
</table>
</div>
<div id="tab1" class="tab">
<h2>Standard output</h2>
<span class="code">
<pre>18:46:54.023 [Test worker] INFO  com.phonebook.tests.TestBase -- Start test createExistedAccountNegativeTest with data: []
18:46:54.030 [Test worker] INFO  com.phonebook.utils.MyListener -- Before find elements --&gt; By.cssSelector: [href='/login']
18:46:54.081 [Test worker] INFO  com.phonebook.utils.MyListener -- After find elements --&gt; By.cssSelector: [href='/login']
18:46:54.081 [Test worker] INFO  com.phonebook.utils.MyListener -- List size is 1
18:46:54.087 [Test worker] INFO  com.phonebook.utils.MyListener -- Before find element --&gt; By.cssSelector: [href='/login']
18:46:54.123 [Test worker] INFO  com.phonebook.utils.MyListener -- After find element --&gt; By.cssSelector: [href='/login']
18:46:54.204 [Test worker] INFO  com.phonebook.utils.MyListener -- Before find element --&gt; By.name: email
18:46:54.236 [Test worker] INFO  com.phonebook.utils.MyListener -- After find element --&gt; By.name: email
18:46:54.280 [Test worker] INFO  com.phonebook.utils.MyListener -- Before find element --&gt; By.name: email
18:46:54.301 [Test worker] INFO  com.phonebook.utils.MyListener -- After find element --&gt; By.name: email
18:46:54.335 [Test worker] INFO  com.phonebook.utils.MyListener -- Before find element --&gt; By.name: email
18:46:54.360 [Test worker] INFO  com.phonebook.utils.MyListener -- After find element --&gt; By.name: email
18:46:54.418 [Test worker] INFO  com.phonebook.utils.MyListener -- Before find element --&gt; By.name: password
18:46:54.452 [Test worker] INFO  com.phonebook.utils.MyListener -- After find element --&gt; By.name: password
18:46:54.501 [Test worker] INFO  com.phonebook.utils.MyListener -- Before find element --&gt; By.name: password
18:46:54.526 [Test worker] INFO  com.phonebook.utils.MyListener -- After find element --&gt; By.name: password
18:46:54.557 [Test worker] INFO  com.phonebook.utils.MyListener -- Before find element --&gt; By.name: password
18:46:54.579 [Test worker] INFO  com.phonebook.utils.MyListener -- After find element --&gt; By.name: password
18:46:54.637 [Test worker] INFO  com.phonebook.utils.MyListener -- Before find element --&gt; By.name: registration
18:46:54.672 [Test worker] INFO  com.phonebook.utils.MyListener -- After find element --&gt; By.name: registration
18:46:54.735 [Test worker] INFO  com.phonebook.utils.MyListener -- Something went wrong!!!
18:46:54.736 [Test worker] INFO  com.phonebook.utils.MyListener -- ****************************************************************************************
18:46:54.736 [Test worker] INFO  com.phonebook.utils.MyListener -- Method --&gt; alert
18:46:54.736 [Test worker] INFO  com.phonebook.utils.MyListener -- ****************************************************************************************
18:46:54.736 [Test worker] INFO  com.phonebook.utils.MyListener -- Object target --&gt; org.openqa.selenium.remote.RemoteWebDriver$RemoteTargetLocator@39bbd9e0
18:46:54.737 [Test worker] INFO  com.phonebook.utils.MyListener -- ****************************************************************************************
18:46:54.738 [Test worker] INFO  com.phonebook.utils.MyListener -- Target exception org.openqa.selenium.NoAlertPresentException: no such alert
  (Session info: chrome=126.0.6478.63)
Build info: version: '4.21.0', revision: '79ed462ef4'
System info: os.name: 'Windows 10', os.arch: 'amd64', os.version: '10.0', java.version: '11.0.18'
Driver info: org.openqa.selenium.chrome.ChromeDriver
Command: [87cdcf9c53c0dcd233374654a552aa74, getAlertText {}]
Capabilities {acceptInsecureCerts: false, browserName: chrome, browserVersion: 126.0.6478.63, chrome: {chromedriverVersion: 126.0.6478.55 (7616ff175414..., userDataDir: C:\Users\paxpi\AppData\Loca...}, fedcm:accounts: true, goog:chromeOptions: {debuggerAddress: localhost:55640}, networkConnectionEnabled: false, pageLoadStrategy: normal, platformName: windows, proxy: Proxy(), se:cdp: ws://localhost:55640/devtoo..., se:cdpVersion: 126.0.6478.63, setWindowRect: true, strictFileInteractability: false, timeouts: {implicit: 0, pageLoad: 300000, script: 30000}, unhandledPromptBehavior: dismiss and notify, webauthn:extension:credBlob: true, webauthn:extension:largeBlob: true, webauthn:extension:minPinLength: true, webauthn:extension:prf: true, webauthn:virtualAuthenticators: true}
Session ID: 87cdcf9c53c0dcd233374654a552aa74
18:46:55.253 [Test worker] INFO  com.phonebook.utils.MyListener -- Something went wrong!!!
18:46:55.253 [Test worker] INFO  com.phonebook.utils.MyListener -- ****************************************************************************************
18:46:55.253 [Test worker] INFO  com.phonebook.utils.MyListener -- Method --&gt; alert
18:46:55.253 [Test worker] INFO  com.phonebook.utils.MyListener -- ****************************************************************************************
18:46:55.253 [Test worker] INFO  com.phonebook.utils.MyListener -- Object target --&gt; org.openqa.selenium.remote.RemoteWebDriver$RemoteTargetLocator@7e7f3cfd
18:46:55.253 [Test worker] INFO  com.phonebook.utils.MyListener -- ****************************************************************************************
18:46:55.254 [Test worker] INFO  com.phonebook.utils.MyListener -- Target exception org.openqa.selenium.NoAlertPresentException: no such alert
  (Session info: chrome=126.0.6478.63)
Build info: version: '4.21.0', revision: '79ed462ef4'
System info: os.name: 'Windows 10', os.arch: 'amd64', os.version: '10.0', java.version: '11.0.18'
Driver info: org.openqa.selenium.chrome.ChromeDriver
Command: [87cdcf9c53c0dcd233374654a552aa74, getAlertText {}]
Capabilities {acceptInsecureCerts: false, browserName: chrome, browserVersion: 126.0.6478.63, chrome: {chromedriverVersion: 126.0.6478.55 (7616ff175414..., userDataDir: C:\Users\paxpi\AppData\Loca...}, fedcm:accounts: true, goog:chromeOptions: {debuggerAddress: localhost:55640}, networkConnectionEnabled: false, pageLoadStrategy: normal, platformName: windows, proxy: Proxy(), se:cdp: ws://localhost:55640/devtoo..., se:cdpVersion: 126.0.6478.63, setWindowRect: true, strictFileInteractability: false, timeouts: {implicit: 0, pageLoad: 300000, script: 30000}, unhandledPromptBehavior: dismiss and notify, webauthn:extension:credBlob: true, webauthn:extension:largeBlob: true, webauthn:extension:minPinLength: true, webauthn:extension:prf: true, webauthn:virtualAuthenticators: true}
Session ID: 87cdcf9c53c0dcd233374654a552aa74
18:46:55.796 [Test worker] INFO  com.phonebook.utils.MyListener -- Before find elements --&gt; By.xpath: //div[.='Registration failed with code 409']
18:46:55.820 [Test worker] INFO  com.phonebook.utils.MyListener -- After find elements --&gt; By.xpath: //div[.='Registration failed with code 409']
18:46:55.820 [Test worker] INFO  com.phonebook.utils.MyListener -- List size is 1
18:46:55.820 [Test worker] INFO  com.phonebook.utils.MyListener -- Before find element --&gt; By.name: email
18:46:55.842 [Test worker] INFO  com.phonebook.utils.MyListener -- After find element --&gt; By.name: email
18:46:55.883 [Test worker] INFO  com.phonebook.utils.MyListener -- Before find element --&gt; By.name: email
18:46:55.908 [Test worker] INFO  com.phonebook.utils.MyListener -- After find element --&gt; By.name: email
18:46:55.964 [Test worker] INFO  com.phonebook.utils.MyListener -- Before find element --&gt; By.name: password
18:46:55.981 [Test worker] INFO  com.phonebook.utils.MyListener -- After find element --&gt; By.name: password
18:46:56.018 [Test worker] INFO  com.phonebook.utils.MyListener -- Before find element --&gt; By.name: password
18:46:56.035 [Test worker] INFO  com.phonebook.utils.MyListener -- After find element --&gt; By.name: password
18:46:56.070 [Test worker] INFO  com.phonebook.tests.TestBase -- PASSED: createExistedAccountNegativeTest
18:46:56.071 [Test worker] INFO  com.phonebook.tests.TestBase -- Stop test
18:46:56.071 [Test worker] INFO  com.phonebook.tests.TestBase -- ================================================================================
</pre>
</span>
</div>
</div>
<div id="footer">
<p>
<div>
<label class="hidden" id="label-for-line-wrapping-toggle" for="line-wrapping-toggle">Wrap lines
<input id="line-wrapping-toggle" type="checkbox" autocomplete="off"/>
</label>
</div>Generated by 
<a href="http://www.gradle.org">Gradle 8.2</a> at Jun 21, 2024, 6:47:17 PM</p>
</div>
</div>
</body>
</html>
